<?xml version="1.0" encoding="UTF-8"?>
<!-- Generated by org.testng.reporters.JUnitXMLReporter -->
<testsuite hostname="DELL" ignored="0" name="Default test" tests="2" failures="0" timestamp="27 Nov 2020 16:58:49 GMT" time="90.03" errors="0">
  <testcase name="uploadphotounder1mb" time="3.148" classname="com.orangehrm.qa.tests.MyInfo_PhotographTest"/>
  <testcase name="uploadphotoover1mb" time="25.871" classname="com.orangehrm.qa.tests.MyInfo_PhotographTest"/>
</testsuite> <!-- Default test -->
