<?xml version="1.0" encoding="UTF-8"?>
<!-- Generated by org.testng.reporters.JUnitXMLReporter -->
<testsuite hostname="DELL" ignored="0" name="Test" tests="9" failures="0" timestamp="26 Nov 2020 16:55:17 GMT" time="236.933" errors="0">
  <testcase name="datadrivenlogintest" time="18.607" classname="com.orangehrm.qa.tests.LoginPageDataDrivenTest"/>
  <testcase name="myinfodetailschecktest" time="72.63" classname="com.orangehrm.qa.tests.HomePage_MyinfoDatadrivenTest"/>
  <testcase name="loginPageTitleTest" time="0.033" classname="com.orangehrm.qa.tests.LoginPageTests"/>
  <testcase name="uploadphotounder1mb" time="3.791" classname="com.orangehrm.qa.tests.MyInfo_PhotographTest"/>
  <testcase name="OHRMlogoImageTest" time="0.118" classname="com.orangehrm.qa.tests.LoginPageTests"/>
  <testcase name="uploadphotoover1mb" time="7.197" classname="com.orangehrm.qa.tests.MyInfo_PhotographTest"/>
  <testcase name="loginTest" time="7.229" classname="com.orangehrm.qa.tests.LoginPageTests"/>
  <testcase name="validate_Forgotpasswordlink" time="1.307" classname="com.orangehrm.qa.tests.LoginPageTests"/>
  <testcase name="validate_invalidpwdmsg" time="2.406" classname="com.orangehrm.qa.tests.LoginPageTests"/>
</testsuite> <!-- Test -->
