<?xml version="1.0" encoding="UTF-8"?>
<testsuite xmlns:xsi="http://www.w3.org/2001/XMLSchema-instance" xsi:schemaLocation="https://maven.apache.org/surefire/maven-surefire-plugin/xsd/surefire-test-report.xsd" name="TestSuite" time="411.294" tests="23" errors="0" skipped="3" failures="3">
  <properties>
[...]
</properties>
  <testcase name="uploadphotoover1mb" classname="com.orangehrm.qa.tests.MyInfo_PhotographTest" time="22.55"/>
  <testcase name="uploadphotounder1mb" classname="com.orangehrm.qa.tests.MyInfo_PhotographTest" time="4.931"/>
  <testcase name="verifyLoginIdPasswords" classname="com.orangehrm.qa.tests.LoginPageDDtest" time="9.581"/>
  <testcase name="verifyLoginIdPasswords" classname="com.orangehrm.qa.tests.LoginPageDDtest" time="2.511"/>
  <testcase name="verifyLoginIdPasswords" classname="com.orangehrm.qa.tests.LoginPageDDtest" time="3.542"/>
  <testcase name="verifyLoginIdPasswords" classname="com.orangehrm.qa.tests.LoginPageDDtest" time="8.568"/>
  <testcase name="addEmergencycontacts" classname="com.orangehrm.qa.tests.EmergencyContactsDDtest" time="4.202"/>
  <testcase name="addEmergencycontacts" classname="com.orangehrm.qa.tests.EmergencyContactsDDtest" time="3.429"/>
  <testcase name="validatemyinfodetails" classname="com.orangehrm.qa.tests.MyInfoPersonalDetailsDDtest" time="6.389"/>
  <testcase name="validatemyinfodetails" classname="com.orangehrm.qa.tests.MyInfoPersonalDetailsDDtest" time="14.022">
    <failure message="couldnt save details.. expected [true] but found [false]" type="java.lang.AssertionError">java.lang.AssertionError: couldnt save details.. expected [true] but found [false]
	at com.orangehrm.qa.tests.MyInfoPersonalDetailsDDtest.validatemyinfodetails(MyInfoPersonalDetailsDDtest.java:48)
</failure>
    <system-err><![CDATA[Starting ChromeDriver 86.0.4240.22 (398b0743353ff36fb1b82468f63a3a93b4e2e89e-refs/branch-heads/4240@{#378}) on port 13681
Only local connections are allowed.
Please see https://chromedriver.chromium.org/security-considerations for suggestions on keeping ChromeDriver safe.
ChromeDriver was started successfully.
Nov 28, 2020 11:28:17 AM org.openqa.selenium.remote.ProtocolHandshake createSession
INFO: Detected dialect: W3C
]]></system-err>
  </testcase>
  <testcase name="validatemyinfodetails" classname="com.orangehrm.qa.tests.MyInfoPersonalDetailsDDtest" time="5.978"/>
  <testcase name="validatemyinfodetails" classname="com.orangehrm.qa.tests.MyInfoPersonalDetailsDDtest" time="5.86"/>
  <testcase name="validatemyinfodetails" classname="com.orangehrm.qa.tests.MyInfoPersonalDetailsDDtest" time="6.031"/>
  <testcase name="validatemyinfodetails" classname="com.orangehrm.qa.tests.MyInfoPersonalDetailsDDtest" time="0">
    <skipped message="no such element: Unable to locate element: {&quot;method&quot;:&quot;css selector&quot;,&quot;selector&quot;:&quot;#txtUsername&quot;}&#10;  (Session info: chrome=86.0.4240.198)&#10;For documentation on this error, please visit: http://seleniumhq.org/exceptions/no_such_element.html&#10;Build info: version: &apos;3.14.0&apos;, revision: &apos;aacccce0&apos;, time: &apos;2018-08-02T20:19:58.91Z&apos;&#10;System info: host: &apos;DELL&apos;, ip: &apos;192.168.43.201&apos;, os.name: &apos;Windows 8&apos;, os.arch: &apos;amd64&apos;, os.version: &apos;6.2&apos;, java.version: &apos;1.8.0_171&apos;&#10;Driver info: org.openqa.selenium.chrome.ChromeDriver&#10;Capabilities {acceptInsecureCerts: false, browserName: chrome, browserVersion: 86.0.4240.198, chrome: {chromedriverVersion: 86.0.4240.22 (398b0743353ff..., userDataDir: C:\Users\admin\AppData\Loca...}, goog:chromeOptions: {debuggerAddress: localhost:49502}, javascriptEnabled: true, networkConnectionEnabled: false, pageLoadStrategy: normal, platform: WINDOWS, platformName: WINDOWS, proxy: Proxy(), setWindowRect: true, strictFileInteractability: false, timeouts: {implicit: 0, pageLoad: 300000, script: 30000}, unhandledPromptBehavior: dismiss and notify, webauthn:virtualAuthenticators: true}&#10;Session ID: 2b874fd5a11002b9b9e998535f5e2f53&#10;*** Element info: {Using=id, value=txtUsername}"/>
  </testcase>
  <testcase name="validatemyinfodetails" classname="com.orangehrm.qa.tests.MyInfoPersonalDetailsDDtest" time="0">
    <skipped message="no such element: Unable to locate element: {&quot;method&quot;:&quot;css selector&quot;,&quot;selector&quot;:&quot;#txtUsername&quot;}&#10;  (Session info: chrome=86.0.4240.198)&#10;For documentation on this error, please visit: http://seleniumhq.org/exceptions/no_such_element.html&#10;Build info: version: &apos;3.14.0&apos;, revision: &apos;aacccce0&apos;, time: &apos;2018-08-02T20:19:58.91Z&apos;&#10;System info: host: &apos;DELL&apos;, ip: &apos;192.168.43.201&apos;, os.name: &apos;Windows 8&apos;, os.arch: &apos;amd64&apos;, os.version: &apos;6.2&apos;, java.version: &apos;1.8.0_171&apos;&#10;Driver info: org.openqa.selenium.chrome.ChromeDriver&#10;Capabilities {acceptInsecureCerts: false, browserName: chrome, browserVersion: 86.0.4240.198, chrome: {chromedriverVersion: 86.0.4240.22 (398b0743353ff..., userDataDir: C:\Users\admin\AppData\Loca...}, goog:chromeOptions: {debuggerAddress: localhost:49502}, javascriptEnabled: true, networkConnectionEnabled: false, pageLoadStrategy: normal, platform: WINDOWS, platformName: WINDOWS, proxy: Proxy(), setWindowRect: true, strictFileInteractability: false, timeouts: {implicit: 0, pageLoad: 300000, script: 30000}, unhandledPromptBehavior: dismiss and notify, webauthn:virtualAuthenticators: true}&#10;Session ID: 2b874fd5a11002b9b9e998535f5e2f53&#10;*** Element info: {Using=id, value=txtUsername}"/>
  </testcase>
  <testcase name="setUp" classname="com.orangehrm.qa.tests.MyInfoPersonalDetailsDDtest" time="22.308">
    <failure message="no such element: Unable to locate element: {&quot;method&quot;:&quot;css selector&quot;,&quot;selector&quot;:&quot;#txtUsername&quot;}&#10;  (Session info: chrome=86.0.4240.198)&#10;For documentation on this error, please visit: http://seleniumhq.org/exceptions/no_such_element.html&#10;Build info: version: &apos;3.14.0&apos;, revision: &apos;aacccce0&apos;, time: &apos;2018-08-02T20:19:58.91Z&apos;&#10;System info: host: &apos;DELL&apos;, ip: &apos;192.168.43.201&apos;, os.name: &apos;Windows 8&apos;, os.arch: &apos;amd64&apos;, os.version: &apos;6.2&apos;, java.version: &apos;1.8.0_171&apos;&#10;Driver info: org.openqa.selenium.chrome.ChromeDriver&#10;Capabilities {acceptInsecureCerts: false, browserName: chrome, browserVersion: 86.0.4240.198, chrome: {chromedriverVersion: 86.0.4240.22 (398b0743353ff..., userDataDir: C:\Users\admin\AppData\Loca...}, goog:chromeOptions: {debuggerAddress: localhost:49502}, javascriptEnabled: true, networkConnectionEnabled: false, pageLoadStrategy: normal, platform: WINDOWS, platformName: WINDOWS, proxy: Proxy(), setWindowRect: true, strictFileInteractability: false, timeouts: {implicit: 0, pageLoad: 300000, script: 30000}, unhandledPromptBehavior: dismiss and notify, webauthn:virtualAuthenticators: true}&#10;Session ID: 2b874fd5a11002b9b9e998535f5e2f53&#10;*** Element info: {Using=id, value=txtUsername}" type="org.openqa.selenium.NoSuchElementException">org.openqa.selenium.NoSuchElementException: 
no such element: Unable to locate element: {"method":"css selector","selector":"#txtUsername"}
  (Session info: chrome=86.0.4240.198)
For documentation on this error, please visit: http://seleniumhq.org/exceptions/no_such_element.html
Build info: version: '3.14.0', revision: 'aacccce0', time: '2018-08-02T20:19:58.91Z'
System info: host: 'DELL', ip: '192.168.43.201', os.name: 'Windows 8', os.arch: 'amd64', os.version: '6.2', java.version: '1.8.0_171'
Driver info: org.openqa.selenium.chrome.ChromeDriver
Capabilities {acceptInsecureCerts: false, browserName: chrome, browserVersion: 86.0.4240.198, chrome: {chromedriverVersion: 86.0.4240.22 (398b0743353ff..., userDataDir: C:\Users\admin\AppData\Loca...}, goog:chromeOptions: {debuggerAddress: localhost:49502}, javascriptEnabled: true, networkConnectionEnabled: false, pageLoadStrategy: normal, platform: WINDOWS, platformName: WINDOWS, proxy: Proxy(), setWindowRect: true, strictFileInteractability: false, timeouts: {implicit: 0, pageLoad: 300000, script: 30000}, unhandledPromptBehavior: dismiss and notify, webauthn:virtualAuthenticators: true}
Session ID: 2b874fd5a11002b9b9e998535f5e2f53
*** Element info: {Using=id, value=txtUsername}
	at com.orangehrm.qa.tests.MyInfoPersonalDetailsDDtest.setUp(MyInfoPersonalDetailsDDtest.java:25)
</failure>
    <system-err><![CDATA[Starting ChromeDriver 86.0.4240.22 (398b0743353ff36fb1b82468f63a3a93b4e2e89e-refs/branch-heads/4240@{#378}) on port 20501
Only local connections are allowed.
Please see https://chromedriver.chromium.org/security-considerations for suggestions on keeping ChromeDriver safe.
ChromeDriver was started successfully.
Nov 28, 2020 11:30:02 AM org.openqa.selenium.remote.ProtocolHandshake createSession
INFO: Detected dialect: W3C
]]></system-err>
  </testcase>
  <testcase name="setUp" classname="com.orangehrm.qa.tests.MyInfoPersonalDetailsDDtest" time="0">
    <skipped/>
  </testcase>
  <testcase name="loginPageTitleTest" classname="com.orangehrm.qa.tests.LoginPageTests" time="0.019"/>
  <testcase name="OHRMlogoImageTest" classname="com.orangehrm.qa.tests.LoginPageTests" time="0.134"/>
  <testcase name="loginTest" classname="com.orangehrm.qa.tests.LoginPageTests" time="5.905"/>
  <testcase name="validate_Forgotpasswordlink" classname="com.orangehrm.qa.tests.LoginPageTests" time="1.22"/>
  <testcase name="validate_invalidpwdmsg" classname="com.orangehrm.qa.tests.LoginPageTests" time="2.635"/>
  <testcase name="end" classname="com.orangehrm.qa.tests.EmergencyContactsDDtest" time="4.267">
    <failure message="Session ID is null. Using WebDriver after calling quit()?&#10;Build info: version: &apos;3.14.0&apos;, revision: &apos;aacccce0&apos;, time: &apos;2018-08-02T20:19:58.91Z&apos;&#10;System info: host: &apos;DELL&apos;, ip: &apos;192.168.43.201&apos;, os.name: &apos;Windows 8&apos;, os.arch: &apos;amd64&apos;, os.version: &apos;6.2&apos;, java.version: &apos;1.8.0_171&apos;&#10;Driver info: driver.version: RemoteWebDriver" type="org.openqa.selenium.NoSuchSessionException">org.openqa.selenium.NoSuchSessionException: 
Session ID is null. Using WebDriver after calling quit()?
Build info: version: '3.14.0', revision: 'aacccce0', time: '2018-08-02T20:19:58.91Z'
System info: host: 'DELL', ip: '192.168.43.201', os.name: 'Windows 8', os.arch: 'amd64', os.version: '6.2', java.version: '1.8.0_171'
Driver info: driver.version: RemoteWebDriver
	at com.orangehrm.qa.tests.EmergencyContactsDDtest.end(EmergencyContactsDDtest.java:74)
</failure>
  </testcase>
</testsuite>