<?xml version="1.0" encoding="UTF-8"?>
<testng-results skipped="0" failed="0" ignored="0" total="2" passed="2">
  <reporter-output>
  </reporter-output>
  <suite name="Surefire suite" duration-ms="40405" started-at="2020-11-29T16:29:03Z" finished-at="2020-11-29T16:29:44Z">
    <groups>
    </groups>
    <test name="Surefire test" duration-ms="40405" started-at="2020-11-29T16:29:03Z" finished-at="2020-11-29T16:29:44Z">
      <class name="com.orangehrm.qa.tests.EmergencyContactsDDtest">
        <test-method status="PASS" signature="setUp()[pri:0, instance:com.orangehrm.qa.tests.EmergencyContactsDDtest@35f983a6]" name="setUp" is-config="true" duration-ms="30950" started-at="2020-11-29T21:59:03Z" finished-at="2020-11-29T21:59:34Z">
          <reporter-output>
          </reporter-output>
        </test-method> <!-- setUp -->
        <test-method status="PASS" signature="addEmergencycontacts(java.lang.String, java.lang.String, java.lang.String)[pri:0, instance:com.orangehrm.qa.tests.EmergencyContactsDDtest@35f983a6]" name="addEmergencycontacts" duration-ms="3581" started-at="2020-11-29T21:59:37Z" data-provider="test1data" finished-at="2020-11-29T21:59:40Z">
          <params>
            <param index="0">
              <value>
                <![CDATA[Sunny]]>
              </value>
            </param>
            <param index="1">
              <value>
                <![CDATA[wife]]>
              </value>
            </param>
            <param index="2">
              <value>
                <![CDATA[101213141516]]>
              </value>
            </param>
          </params>
          <reporter-output>
          </reporter-output>
        </test-method> <!-- addEmergencycontacts -->
        <test-method status="PASS" signature="addEmergencycontacts(java.lang.String, java.lang.String, java.lang.String)[pri:0, instance:com.orangehrm.qa.tests.EmergencyContactsDDtest@35f983a6]" name="addEmergencycontacts" duration-ms="3368" started-at="2020-11-29T21:59:40Z" data-provider="test1data" finished-at="2020-11-29T21:59:44Z">
          <params>
            <param index="0">
              <value>
                <![CDATA[lena]]>
              </value>
            </param>
            <param index="1">
              <value>
                <![CDATA[girlfriend]]>
              </value>
            </param>
            <param index="2">
              <value>
                <![CDATA[458446544652]]>
              </value>
            </param>
          </params>
          <reporter-output>
          </reporter-output>
        </test-method> <!-- addEmergencycontacts -->
        <test-method status="PASS" signature="end()[pri:0, instance:com.orangehrm.qa.tests.EmergencyContactsDDtest@35f983a6]" name="end" is-config="true" duration-ms="185" started-at="2020-11-29T21:59:44Z" finished-at="2020-11-29T21:59:44Z">
          <reporter-output>
          </reporter-output>
        </test-method> <!-- end -->
      </class> <!-- com.orangehrm.qa.tests.EmergencyContactsDDtest -->
    </test> <!-- Surefire test -->
  </suite> <!-- Surefire suite -->
</testng-results>
